<?xml version="1.0" encoding="UTF-8"?>
<testng-results total="2" passed="2" failed="0" skipped="0">
  <reporter-output>
  </reporter-output>
  <suite started-at="2019-10-11T06:50:46Z" name="Default suite" finished-at="2019-10-11T06:52:14Z" duration-ms="88476">
    <groups>
      <group name="cucumber">
        <method signature="AbstractTestNGCucumberTests.feature(cucumber.api.testng.CucumberFeatureWrapper)[pri:0, instance:testRunner.TestRunner@3c947bc5]" name="feature" class="cucumber.api.testng.AbstractTestNGCucumberTests"/>
      </group> <!-- cucumber -->
    </groups>
    <test started-at="2019-10-11T06:50:46Z" name="Default test" finished-at="2019-10-11T06:52:14Z" duration-ms="88476">
      <class name="testRunner.TestRunner">
        <test-method is-config="true" signature="setUpClass()[pri:0, instance:testRunner.TestRunner@3c947bc5]" started-at="2019-10-11T12:20:46Z" name="setUpClass" finished-at="2019-10-11T12:20:46Z" duration-ms="499" status="PASS">
          <reporter-output>
          </reporter-output>
        </test-method> <!-- setUpClass -->
        <test-method signature="feature(cucumber.api.testng.CucumberFeatureWrapper)[pri:0, instance:testRunner.TestRunner@3c947bc5]" started-at="2019-10-11T12:20:47Z" name="feature" description="Runs Cucumber Feature" data-provider="features" finished-at="2019-10-11T12:21:57Z" duration-ms="70475" status="PASS">
          <params>
            <param index="0">
              <value>
                <![CDATA[Customer Operation]]>
              </value>
            </param>
          </params>
          <reporter-output>
          </reporter-output>
        </test-method> <!-- feature -->
        <test-method signature="feature(cucumber.api.testng.CucumberFeatureWrapper)[pri:0, instance:testRunner.TestRunner@3c947bc5]" started-at="2019-10-11T12:21:57Z" name="feature" description="Runs Cucumber Feature" data-provider="features" finished-at="2019-10-11T12:22:14Z" duration-ms="16384" status="PASS">
          <params>
            <param index="0">
              <value>
                <![CDATA[Login into nopCommerce]]>
              </value>
            </param>
          </params>
          <reporter-output>
          </reporter-output>
        </test-method> <!-- feature -->
        <test-method is-config="true" signature="tearDownClass()[pri:0, instance:testRunner.TestRunner@3c947bc5]" started-at="2019-10-11T12:22:14Z" name="tearDownClass" finished-at="2019-10-11T12:22:14Z" duration-ms="903" status="PASS">
          <reporter-output>
          </reporter-output>
        </test-method> <!-- tearDownClass -->
      </class> <!-- testRunner.TestRunner -->
    </test> <!-- Default test -->
  </suite> <!-- Default suite -->
</testng-results>
